<?xml version="1.0" encoding="UTF-8"?>
<!-- Generated by org.testng.reporters.JUnitReportReporter -->
<testsuite skipped="0" hostname="DESKTOP-UGOGKRP" name="test.LoginTest" tests="1" failures="0" timestamp="13 Oct 2017 04:36:37 GMT" time="6.959" errors="0">
  <testcase name="test" time="6.959" classname="test.LoginTest"/>
</testsuite> <!-- test.LoginTest -->
